  cubewithrot.cpp
g:\matharishwa\git repos\rubiks-cube\cubewithrot.cpp(14): warning C4305: 'initializing': truncation from 'double' to 'float'
g:\matharishwa\git repos\rubiks-cube\cubewithrot.cpp(98): warning C4838: conversion from 'double' to 'float' requires a narrowing conversion
g:\matharishwa\git repos\rubiks-cube\cubewithrot.cpp(90): warning C4244: 'initializing': conversion from 'double' to 'float', possible loss of data
g:\matharishwa\git repos\rubiks-cube\cubewithrot.cpp(91): warning C4244: 'initializing': conversion from 'double' to 'float', possible loss of data
g:\matharishwa\git repos\rubiks-cube\cubewithrot.cpp(92): warning C4244: 'initializing': conversion from 'double' to 'float', possible loss of data
g:\matharishwa\git repos\rubiks-cube\cubewithrot.cpp(93): warning C4244: 'initializing': conversion from 'double' to 'float', possible loss of data
g:\matharishwa\git repos\rubiks-cube\cubewithrot.cpp(94): warning C4244: 'initializing': conversion from 'double' to 'float', possible loss of data
g:\matharishwa\git repos\rubiks-cube\cubewithrot.cpp(95): warning C4244: 'initializing': conversion from 'double' to 'float', possible loss of data
g:\matharishwa\git repos\rubiks-cube\cubewithrot.cpp(96): warning C4244: 'initializing': conversion from 'double' to 'float', possible loss of data
g:\matharishwa\git repos\rubiks-cube\cubewithrot.cpp(97): warning C4244: 'initializing': conversion from 'double' to 'float', possible loss of data
g:\matharishwa\git repos\rubiks-cube\cubewithrot.cpp(133): warning C4244: 'argument': conversion from 'double' to 'GLfloat', possible loss of data
g:\matharishwa\git repos\rubiks-cube\cubewithrot.cpp(134): warning C4244: 'argument': conversion from 'double' to 'GLfloat', possible loss of data
g:\matharishwa\git repos\rubiks-cube\cubewithrot.cpp(175): warning C4305: 'initializing': truncation from 'double' to 'float'
g:\matharishwa\git repos\rubiks-cube\cubewithrot.cpp(184): warning C4244: '=': conversion from 'double' to 'float', possible loss of data
g:\matharishwa\git repos\rubiks-cube\cubewithrot.cpp(185): warning C4244: '=': conversion from 'double' to 'float', possible loss of data
g:\matharishwa\git repos\rubiks-cube\cubewithrot.cpp(206): warning C4305: 'initializing': truncation from 'double' to 'float'
g:\matharishwa\git repos\rubiks-cube\cubewithrot.cpp(215): warning C4244: '=': conversion from 'double' to 'float', possible loss of data
g:\matharishwa\git repos\rubiks-cube\cubewithrot.cpp(216): warning C4244: '=': conversion from 'double' to 'float', possible loss of data
g:\matharishwa\git repos\rubiks-cube\cubewithrot.cpp(237): warning C4305: 'initializing': truncation from 'double' to 'float'
g:\matharishwa\git repos\rubiks-cube\cubewithrot.cpp(246): warning C4244: '=': conversion from 'double' to 'float', possible loss of data
g:\matharishwa\git repos\rubiks-cube\cubewithrot.cpp(247): warning C4244: '=': conversion from 'double' to 'float', possible loss of data
g:\matharishwa\git repos\rubiks-cube\cubewithrot.cpp(269): warning C4305: 'initializing': truncation from 'double' to 'float'
g:\matharishwa\git repos\rubiks-cube\cubewithrot.cpp(279): warning C4244: '=': conversion from 'double' to 'float', possible loss of data
g:\matharishwa\git repos\rubiks-cube\cubewithrot.cpp(280): warning C4244: '=': conversion from 'double' to 'float', possible loss of data
  rubiks_cube.vcxproj -> G:\Matharishwa\git repos\Rubiks-cube\rubiks_cube\Debug\rubiks_cube.exe
